<?xml version="1.0" ?>
<!DOCTYPE coverage SYSTEM "http://cobertura.sourceforge.net/xml/coverage-04.dtd">
<coverage lines-valid="39" lines-covered="37" line-rate="0.9487000000000001" branches-valid="8" branches-covered="6" branch-rate="0.75" timestamp="1634316038293" complexity="0" version="0.1">
  <sources>
    <source>/Users/pauloviana/Documents/GitHub/doc-extractor-pt</source>
  </sources>
  <packages>
    <package name="main" line-rate="0.9487000000000001" branch-rate="0.75">
      <classes>
        <class name="extractor.ts" filename="src/extractor.ts" line-rate="1" branch-rate="1">
          <methods>
            <method name="(anonymous_0)" hits="1" signature="()V">
              <lines>
                <line number="5" hits="1"/>
              </lines>
            </method>
            <method name="(anonymous_1)" hits="1" signature="()V">
              <lines>
                <line number="11" hits="1"/>
              </lines>
            </method>
            <method name="(anonymous_2)" hits="1" signature="()V">
              <lines>
                <line number="17" hits="1"/>
              </lines>
            </method>
            <method name="(anonymous_3)" hits="1" signature="()V">
              <lines>
                <line number="23" hits="1"/>
              </lines>
            </method>
            <method name="(anonymous_4)" hits="1" signature="()V">
              <lines>
                <line number="29" hits="1"/>
              </lines>
            </method>
          </methods>
          <lines>
            <line number="1" hits="1" branch="false"/>
            <line number="3" hits="1" branch="false"/>
            <line number="6" hits="1" branch="false"/>
            <line number="7" hits="1" branch="false"/>
            <line number="8" hits="1" branch="false"/>
            <line number="12" hits="1" branch="false"/>
            <line number="13" hits="1" branch="false"/>
            <line number="14" hits="1" branch="false"/>
            <line number="18" hits="1" branch="false"/>
            <line number="19" hits="1" branch="false"/>
            <line number="20" hits="1" branch="false"/>
            <line number="24" hits="1" branch="false"/>
            <line number="25" hits="1" branch="false"/>
            <line number="26" hits="1" branch="false"/>
            <line number="30" hits="1" branch="false"/>
            <line number="31" hits="1" branch="false"/>
            <line number="32" hits="1" branch="false"/>
          </lines>
        </class>
        <class name="validators.ts" filename="src/validators.ts" line-rate="0.909" branch-rate="0.75">
          <methods>
            <method name="(anonymous_0)" hits="2" signature="()V">
              <lines>
                <line number="7" hits="2"/>
              </lines>
            </method>
            <method name="(anonymous_1)" hits="2" signature="()V">
              <lines>
                <line number="14" hits="2"/>
              </lines>
            </method>
            <method name="(anonymous_2)" hits="2" signature="()V">
              <lines>
                <line number="21" hits="2"/>
              </lines>
            </method>
            <method name="(anonymous_3)" hits="2" signature="()V">
              <lines>
                <line number="25" hits="2"/>
              </lines>
            </method>
          </methods>
          <lines>
            <line number="1" hits="1" branch="false"/>
            <line number="2" hits="1" branch="false"/>
            <line number="5" hits="1" branch="false"/>
            <line number="8" hits="2" branch="true" condition-coverage="50% (1/2)"/>
            <line number="9" hits="2" branch="false"/>
            <line number="11" hits="0" branch="false"/>
            <line number="15" hits="2" branch="true" condition-coverage="100% (2/2)"/>
            <line number="16" hits="1" branch="false"/>
            <line number="18" hits="1" branch="false"/>
            <line number="22" hits="2" branch="false"/>
            <line number="26" hits="2" branch="true" condition-coverage="50% (1/2)"/>
            <line number="27" hits="0" branch="false"/>
            <line number="29" hits="2" branch="false"/>
            <line number="30" hits="2" branch="false"/>
            <line number="31" hits="2" branch="false"/>
            <line number="32" hits="22" branch="false"/>
            <line number="34" hits="2" branch="false"/>
            <line number="36" hits="2" branch="false"/>
            <line number="37" hits="20" branch="false"/>
            <line number="41" hits="2" branch="true" condition-coverage="100% (2/2)"/>
            <line number="42" hits="1" branch="false"/>
            <line number="44" hits="1" branch="false"/>
          </lines>
        </class>
      </classes>
    </package>
  </packages>
</coverage>
